Arguments: 
  C:\Program Files\nodejs\node.exe C:\Program Files (x86)\Yarn\bin\yarn.js add -g nodemon

PATH: 
  C:\Users\chirag\bin;C:\Program Files\Git\mingw64\bin;C:\Program Files\Git\usr\local\bin;C:\Program Files\Git\usr\bin;C:\Program Files\Git\usr\bin;C:\Program Files\Git\mingw64\bin;C:\Program Files\Git\usr\bin;C:\Users\chirag\bin;C:\Windows\system32;C:\Windows;C:\Windows\System32\Wbem;C:\Windows\System32\WindowsPowerShell\v1.0;C:\Program Files\Git\cmd;C:\Program Files\nodejs;C:\Program Files (x86)\Yarn\bin;C:\Users\chirag\AppData\Local\Programs\Microsoft VS Code\bin;C:\Program Files\MongoDB\Server\4.0\bin;C:\Users\chirag\AppData\Roaming\npm;C:\Users\chirag\AppData\Local\Yarn\bin;C:\Program Files\Genymobile\Genymotion\tools;C:\Program Files\Git\usr\bin\vendor_perl;C:\Program Files\Git\usr\bin\core_perl

Yarn version: 
  1.9.4

Node version: 
  8.11.4

Platform: 
  win32 x64

Trace: 
  SyntaxError: C:\Users\chirag\Desktop\restApi\package.json: Unexpected token / in JSON at position 105
      at JSON.parse (<anonymous>)
      at C:\Program Files (x86)\Yarn\lib\cli.js:1130:59
      at Generator.next (<anonymous>)
      at step (C:\Program Files (x86)\Yarn\lib\cli.js:92:30)
      at C:\Program Files (x86)\Yarn\lib\cli.js:103:13
      at <anonymous>

npm manifest: 
  {
    "name": "restApi",
    "version": "1.0.0",
    "description": "",
    "main": "app.js",
    "scripts": {
      // "test": "echo \"Error: no test specified\" && exit 1",
      "start": "nodemon app.js"
    },
    "author": "Chirag",
    "license": "ISC",
    "dependencies": {
      "async": "^2.6.1",
      "body-parser": "^1.18.2",
      "connect-flash": "^0.1.1",
      "dotenv": "^6.0.0",
      "ejs": "^2.5.7",
      "express": "^4.16.2",
      "express-session": "^1.15.6",
      "fs": "0.0.1-security",
      "image-base64": "^1.0.2",
      "jquery.transit": "^0.9.12",
      "method-override": "^2.3.10",
      "moment": "^2.20.1",
      "mongoose": "^4.11.13",
      "morgan": "^1.9.0",
      "multer": "^1.3.0",
      "nodemailer": "^4.6.5",
      "passport": "^0.4.0",
      "passport-local": "^1.0.0",
      "passport-local-mongoose": "^4.2.1",
      "path": "^0.12.7",
      "request": "^2.83.0",
      "requestify": "^0.2.5",
      "socket.io": "^2.0.4"
    },
    "devDependencies": {
      "logger": "0.0.1",
      "reload": "^2.2.2"
    }
  }

yarn manifest: 
  No manifest

Lockfile: 
  No lockfile
